Arguments: 
  /Users/rjman/.nvm/versions/node/v16.13.0/bin/node /Users/rjman/.nvm/versions/node/v16.13.0/bin/yarn init

PATH: 
  /Users/rjman/.oh-my-zsh/custom/plugins/git-open:/Users/rjman/Applications/bin:/Users/rjman/.oh-my-zsh/custom/plugins/git-open:/Users/rjman/Applications/bin:/Users/rjman/.oh-my-zsh/custom/plugins/git-open:/Users/rjman/Applications/bin:/Users/rjman/.nvm/versions/node/v16.13.0/bin:/Users/rjman/.oh-my-zsh/custom/plugins/git-open:/Users/rjman/Applications/bin:/opt/homebrew/bin:/opt/homebrew/sbin:/usr/local/bin:/usr/bin:/bin:/usr/sbin:/sbin:/Library/TeX/texbin:/Users/rjman/.cargo/bin:/Users/rjman/.fzf/bin

Yarn version: 
  1.22.17

Node version: 
  16.13.0

Platform: 
  darwin arm64

Trace: 
  Error: canceled
      at Interface.<anonymous> (/Users/rjman/.nvm/versions/node/v16.13.0/lib/node_modules/yarn/lib/cli.js:137143:13)
      at Interface.emit (node:events:390:28)
      at Interface._ttyWrite (node:readline:1081:16)
      at ReadStream.onkeypress (node:readline:288:10)
      at ReadStream.emit (node:events:390:28)
      at emitKeys (node:internal/readline/utils:358:14)
      at emitKeys.next (<anonymous>)
      at ReadStream.onData (node:internal/readline/emitKeypressEvents:61:36)
      at ReadStream.emit (node:events:390:28)
      at addChunk (node:internal/streams/readable:315:12)

npm manifest: 
  {
    "name": "hardhat_demo",
    "version": "1.0.0",
    "main": "index.js",
    "license": "MIT"
  }

yarn manifest: 
  No manifest

Lockfile: 
  No lockfile
